<?xml version="1.0" encoding="UTF-8"?>
<testsuite name="com.bebs.source.blog.keyword.service.KeywordServiceTest" tests="4" skipped="0" failures="0" errors="0" timestamp="2023-03-22T08:16:22" hostname="hongui-noteubug.local" time="0.082">
  <properties/>
  <testcase name="검색어 저장 - 존재하지 않는 검색어" classname="com.bebs.source.blog.keyword.service.KeywordServiceTest" time="0.051"/>
  <testcase name="검색어 저장 - 존재하는 검색어" classname="com.bebs.source.blog.keyword.service.KeywordServiceTest" time="0.021"/>
  <testcase name="인기 검색어가 없는 경우" classname="com.bebs.source.blog.keyword.service.KeywordServiceTest" time="0.006"/>
  <testcase name="인기 검색어 조회" classname="com.bebs.source.blog.keyword.service.KeywordServiceTest" time="0.003"/>
  <system-out><![CDATA[17:16:20.301 [Test worker] DEBUG org.springframework.test.context.BootstrapUtils - Instantiating CacheAwareContextLoaderDelegate from class [org.springframework.test.context.cache.DefaultCacheAwareContextLoaderDelegate]
17:16:20.305 [Test worker] DEBUG org.springframework.test.context.BootstrapUtils - Instantiating BootstrapContext using constructor [public org.springframework.test.context.support.DefaultBootstrapContext(java.lang.Class,org.springframework.test.context.CacheAwareContextLoaderDelegate)]
17:16:20.320 [Test worker] DEBUG org.springframework.test.context.BootstrapUtils - Instantiating TestContextBootstrapper for test class [com.bebs.source.blog.keyword.service.KeywordServiceTest] from class [org.springframework.boot.test.context.SpringBootTestContextBootstrapper]
17:16:20.325 [Test worker] INFO org.springframework.boot.test.context.SpringBootTestContextBootstrapper - Neither @ContextConfiguration nor @ContextHierarchy found for test class [com.bebs.source.blog.keyword.service.KeywordServiceTest], using SpringBootContextLoader
17:16:20.327 [Test worker] DEBUG org.springframework.test.context.support.AbstractContextLoader - Did not detect default resource location for test class [com.bebs.source.blog.keyword.service.KeywordServiceTest]: class path resource [com/bebs/source/blog/keyword/service/KeywordServiceTest-context.xml] does not exist
17:16:20.327 [Test worker] DEBUG org.springframework.test.context.support.AbstractContextLoader - Did not detect default resource location for test class [com.bebs.source.blog.keyword.service.KeywordServiceTest]: class path resource [com/bebs/source/blog/keyword/service/KeywordServiceTestContext.groovy] does not exist
17:16:20.327 [Test worker] INFO org.springframework.test.context.support.AbstractContextLoader - Could not detect default resource locations for test class [com.bebs.source.blog.keyword.service.KeywordServiceTest]: no resource found for suffixes {-context.xml, Context.groovy}.
17:16:20.327 [Test worker] INFO org.springframework.test.context.support.AnnotationConfigContextLoaderUtils - Could not detect default configuration classes for test class [com.bebs.source.blog.keyword.service.KeywordServiceTest]: KeywordServiceTest does not declare any static, non-private, non-final, nested classes annotated with @Configuration.
17:16:20.347 [Test worker] DEBUG org.springframework.test.context.support.ActiveProfilesUtils - Could not find an 'annotation declaring class' for annotation type [org.springframework.test.context.ActiveProfiles] and class [com.bebs.source.blog.keyword.service.KeywordServiceTest]
17:16:20.373 [Test worker] DEBUG org.springframework.context.annotation.ClassPathScanningCandidateComponentProvider - Identified candidate component class: file [/Users/hong/Desktop/blogSearchService/bebs/build/classes/java/main/com/bebs/Bebs.class]
17:16:20.374 [Test worker] INFO org.springframework.boot.test.context.SpringBootTestContextBootstrapper - Found @SpringBootConfiguration com.bebs.Bebs for test class com.bebs.source.blog.keyword.service.KeywordServiceTest
17:16:20.407 [Test worker] DEBUG org.springframework.boot.test.context.SpringBootTestContextBootstrapper - @TestExecutionListeners is not present for class [com.bebs.source.blog.keyword.service.KeywordServiceTest]: using defaults.
17:16:20.407 [Test worker] INFO org.springframework.boot.test.context.SpringBootTestContextBootstrapper - Loaded default TestExecutionListener class names from location [META-INF/spring.factories]: [org.springframework.boot.test.autoconfigure.restdocs.RestDocsTestExecutionListener, org.springframework.boot.test.autoconfigure.web.client.MockRestServiceServerResetTestExecutionListener, org.springframework.boot.test.autoconfigure.web.servlet.MockMvcPrintOnlyOnFailureTestExecutionListener, org.springframework.boot.test.autoconfigure.web.servlet.WebDriverTestExecutionListener, org.springframework.boot.test.autoconfigure.webservices.client.MockWebServiceServerTestExecutionListener, org.springframework.boot.test.mock.mockito.MockitoTestExecutionListener, org.springframework.boot.test.mock.mockito.ResetMocksTestExecutionListener, org.springframework.test.context.web.ServletTestExecutionListener, org.springframework.test.context.support.DirtiesContextBeforeModesTestExecutionListener, org.springframework.test.context.event.ApplicationEventsTestExecutionListener, org.springframework.test.context.support.DependencyInjectionTestExecutionListener, org.springframework.test.context.support.DirtiesContextTestExecutionListener, org.springframework.test.context.transaction.TransactionalTestExecutionListener, org.springframework.test.context.jdbc.SqlScriptsTestExecutionListener, org.springframework.test.context.event.EventPublishingTestExecutionListener]
17:16:20.414 [Test worker] INFO org.springframework.boot.test.context.SpringBootTestContextBootstrapper - Using TestExecutionListeners: [org.springframework.test.context.web.ServletTestExecutionListener@6d24ffa1, org.springframework.test.context.support.DirtiesContextBeforeModesTestExecutionListener@65a4798f, org.springframework.test.context.event.ApplicationEventsTestExecutionListener@773f7880, org.springframework.boot.test.mock.mockito.MockitoTestExecutionListener@878452d, org.springframework.boot.test.autoconfigure.SpringBootDependencyInjectionTestExecutionListener@426b6a74, org.springframework.test.context.support.DirtiesContextTestExecutionListener@4c51bb7, org.springframework.test.context.transaction.TransactionalTestExecutionListener@83298d7, org.springframework.test.context.jdbc.SqlScriptsTestExecutionListener@42a9e5d1, org.springframework.test.context.event.EventPublishingTestExecutionListener@5b080f3a, org.springframework.boot.test.autoconfigure.restdocs.RestDocsTestExecutionListener@773cbf4f, org.springframework.boot.test.autoconfigure.web.client.MockRestServiceServerResetTestExecutionListener@6b54655f, org.springframework.boot.test.autoconfigure.web.servlet.MockMvcPrintOnlyOnFailureTestExecutionListener@665e9289, org.springframework.boot.test.autoconfigure.web.servlet.WebDriverTestExecutionListener@7d3430a7, org.springframework.boot.test.autoconfigure.webservices.client.MockWebServiceServerTestExecutionListener@6f603e89, org.springframework.boot.test.mock.mockito.ResetMocksTestExecutionListener@2756c0a7]
17:16:20.415 [Test worker] DEBUG org.springframework.test.context.support.AbstractDirtiesContextTestExecutionListener - Before test class: context [DefaultTestContext@51850751 testClass = KeywordServiceTest, testInstance = [null], testMethod = [null], testException = [null], mergedContextConfiguration = [WebMergedContextConfiguration@3ce3db41 testClass = KeywordServiceTest, locations = '{}', classes = '{class com.bebs.Bebs}', contextInitializerClasses = '[]', activeProfiles = '{}', propertySourceLocations = '{}', propertySourceProperties = '{org.springframework.boot.test.context.SpringBootTestContextBootstrapper=true}', contextCustomizers = set[org.springframework.boot.test.autoconfigure.actuate.metrics.MetricsExportContextCustomizerFactory$DisableMetricExportContextCustomizer@56928307, org.springframework.boot.test.autoconfigure.properties.PropertyMappingContextCustomizer@0, org.springframework.boot.test.autoconfigure.web.servlet.WebDriverContextCustomizerFactory$Customizer@32c726ee, org.springframework.boot.test.context.filter.ExcludeFilterContextCustomizer@36328d33, org.springframework.boot.test.json.DuplicateJsonObjectContextCustomizerFactory$DuplicateJsonObjectContextCustomizer@545b995e, org.springframework.boot.test.mock.mockito.MockitoContextCustomizer@566b8b54, org.springframework.boot.test.web.client.TestRestTemplateContextCustomizer@336f1079, org.springframework.boot.test.context.SpringBootTestArgs@1, org.springframework.boot.test.context.SpringBootTestWebEnvironment@2898ac89], resourceBasePath = 'src/main/webapp', contextLoader = 'org.springframework.boot.test.context.SpringBootContextLoader', parent = [null]], attributes = map['org.springframework.test.context.web.ServletTestExecutionListener.activateListener' -> true]], class annotated with @DirtiesContext [false] with mode [null].

  .   ____          _            __ _ _
 /\\ / ___'_ __ _ _(_)_ __  __ _ \ \ \ \
( ( )\___ | '_ | '_| | '_ \/ _` | \ \ \ \
 \\/  ___)| |_)| | | | | || (_| |  ) ) ) )
  '  |____| .__|_| |_|_| |_\__, | / / / /
 =========|_|==============|___/=/_/_/_/
 :: Spring Boot ::                (v2.6.3)

2023-03-22 17:16:20.563  INFO 61740 --- [    Test worker] c.b.s.b.k.service.KeywordServiceTest     : Starting KeywordServiceTest using Java 17.0.6 on hongui-noteubug.local with PID 61740 (started by hong in /Users/hong/Desktop/blogSearchService/bebs)
2023-03-22 17:16:20.564  INFO 61740 --- [    Test worker] c.b.s.b.k.service.KeywordServiceTest     : The following profiles are active: application-key
2023-03-22 17:16:20.864  INFO 61740 --- [    Test worker] .s.d.r.c.RepositoryConfigurationDelegate : Bootstrapping Spring Data JPA repositories in DEFAULT mode.
2023-03-22 17:16:20.887  INFO 61740 --- [    Test worker] .s.d.r.c.RepositoryConfigurationDelegate : Finished Spring Data repository scanning in 19 ms. Found 1 JPA repository interfaces.
2023-03-22 17:16:21.358  INFO 61740 --- [    Test worker] o.hibernate.jpa.internal.util.LogHelper  : HHH000204: Processing PersistenceUnitInfo [name: default]
2023-03-22 17:16:21.379  INFO 61740 --- [    Test worker] org.hibernate.Version                    : HHH000412: Hibernate ORM core version 5.6.4.Final
2023-03-22 17:16:21.397  INFO 61740 --- [    Test worker] o.hibernate.annotations.common.Version   : HCANN000001: Hibernate Commons Annotations {5.1.2.Final}
2023-03-22 17:16:21.433  INFO 61740 --- [    Test worker] com.zaxxer.hikari.HikariDataSource       : HikariPool-1 - Starting...
2023-03-22 17:16:21.509  INFO 61740 --- [    Test worker] com.zaxxer.hikari.HikariDataSource       : HikariPool-1 - Start completed.
2023-03-22 17:16:21.516  INFO 61740 --- [    Test worker] org.hibernate.dialect.Dialect            : HHH000400: Using dialect: org.hibernate.dialect.H2Dialect
Hibernate: 
    
    create table tb_keyword_m (
       id varchar(255) generated by default as identity,
        count bigint,
        keyword varchar(255),
        primary key (id)
    )
2023-03-22 17:16:21.713  INFO 61740 --- [    Test worker] o.h.e.t.j.p.i.JtaPlatformInitiator       : HHH000490: Using JtaPlatform implementation: [org.hibernate.engine.transaction.jta.platform.internal.NoJtaPlatform]
2023-03-22 17:16:21.716  INFO 61740 --- [    Test worker] j.LocalContainerEntityManagerFactoryBean : Initialized JPA EntityManagerFactory for persistence unit 'default'
2023-03-22 17:16:21.783  WARN 61740 --- [    Test worker] JpaBaseConfiguration$JpaWebConfiguration : spring.jpa.open-in-view is enabled by default. Therefore, database queries may be performed during view rendering. Explicitly configure spring.jpa.open-in-view to disable this warning
2023-03-22 17:16:21.916  INFO 61740 --- [    Test worker] .s.s.UserDetailsServiceAutoConfiguration : 

Using generated security password: 80c4814f-c37f-493f-b879-b56a01b7c702

2023-03-22 17:16:21.983  INFO 61740 --- [    Test worker] o.s.s.web.DefaultSecurityFilterChain     : Will secure any request with [org.springframework.security.web.context.request.async.WebAsyncManagerIntegrationFilter@238a7e3d, org.springframework.security.web.context.SecurityContextPersistenceFilter@4aadf144, org.springframework.security.web.header.HeaderWriterFilter@19656e21, org.springframework.security.web.csrf.CsrfFilter@75566f4, org.springframework.security.web.authentication.logout.LogoutFilter@5bfdabf3, org.springframework.security.web.authentication.UsernamePasswordAuthenticationFilter@1e75bef1, org.springframework.security.web.authentication.ui.DefaultLoginPageGeneratingFilter@6167a456, org.springframework.security.web.authentication.ui.DefaultLogoutPageGeneratingFilter@7ed5cc8c, org.springframework.security.web.authentication.www.BasicAuthenticationFilter@3599b18, org.springframework.security.web.savedrequest.RequestCacheAwareFilter@63053b71, org.springframework.security.web.servletapi.SecurityContextHolderAwareRequestFilter@bae5e58, org.springframework.security.web.authentication.AnonymousAuthenticationFilter@6bec566e, org.springframework.security.web.session.SessionManagementFilter@594f508f, org.springframework.security.web.access.ExceptionTranslationFilter@1bbfd42f, org.springframework.security.web.access.intercept.FilterSecurityInterceptor@40239b34]
2023-03-22 17:16:22.121  INFO 61740 --- [    Test worker] o.s.b.a.h2.H2ConsoleAutoConfiguration    : H2 console available at '/h2-console'. Database available at 'jdbc:h2:mem:testdb'
2023-03-22 17:16:22.636  INFO 61740 --- [    Test worker] c.b.s.b.k.service.KeywordServiceTest     : Started KeywordServiceTest in 2.206 seconds (JVM running for 2.724)
]]></system-out>
  <system-err><![CDATA[]]></system-err>
</testsuite>
